# JRE version: Java(TM) SE Runtime Environment (17.0.9+11) (build 17.0.9+11-LTS-201)
# Java VM: Java HotSpot(TM) 64-Bit Server VM (17.0.9+11-LTS-201, mixed mode, emulated-client, sharing, tiered, compressed oops, compressed class ptrs, g1 gc, windows-amd64)
GC Precious Log:
 CPUs: 4 total, 4 available
 Memory: 8029M
 Large Page Support: Disabled
 NUMA Support: Disabled
 Compressed Oops: Enabled (32-bit)
 Heap Region Size: 1M
 Heap Min Capacity: 8M
 Heap Initial Capacity: 126M
 Heap Max Capacity: 2008M
 Pre-touch: Disabled
 Parallel Workers: 4
 Concurrent Workers: 1
 Concurrent Refinement Workers: 4
 Periodic GC: Disabled
Heap:
 garbage-first heap   total 221184K, used 41300K [0x0000000082800000, 0x0000000100000000)
  region size 1024K, 1 young (1024K), 1 survivors (1024K)
 Metaspace       used 76537K, committed 77312K, reserved 1179648K
  class space    used 11444K, committed 11840K, reserved 1048576K
GC Heap History (20 events):
Event: 436.327 GC heap after
{Heap after GC invocations=38 (full 0):
 garbage-first heap   total 172032K, used 41302K [0x0000000082800000, 0x0000000100000000)
  region size 1024K, 1 young (1024K), 1 survivors (1024K)
 Metaspace       used 76537K, committed 77312K, reserved 1179648K
  class space    used 11444K, committed 11840K, reserved 1048576K
}
Event: 444.503 GC heap before
{Heap before GC invocations=38 (full 0):
 garbage-first heap   total 172032K, used 142678K [0x0000000082800000, 0x0000000100000000)
  region size 1024K, 100 young (102400K), 1 survivors (1024K)
 Metaspace       used 76537K, committed 77312K, reserved 1179648K
  class space    used 11444K, committed 11840K, reserved 1048576K
}
Event: 444.617 GC heap after
{Heap after GC invocations=39 (full 0):
 garbage-first heap   total 172032K, used 41329K [0x0000000082800000, 0x0000000100000000)
  region size 1024K, 1 young (1024K), 1 survivors (1024K)
 Metaspace       used 76537K, committed 77312K, reserved 1179648K
  class space    used 11444K, committed 11840K, reserved 1048576K
}
Event: 460.444 GC heap before
{Heap before GC invocations=39 (full 0):
 garbage-first heap   total 172032K, used 142705K [0x0000000082800000, 0x0000000100000000)
  region size 1024K, 100 young (102400K), 1 survivors (1024K)
 Metaspace       used 76537K, committed 77312K, reserved 1179648K
  class space    used 11444K, committed 11840K, reserved 1048576K
}
Event: 460.971 GC heap after
{Heap after GC invocations=40 (full 0):
 garbage-first heap   total 172032K, used 41346K [0x0000000082800000, 0x0000000100000000)
  region size 1024K, 1 young (1024K), 1 survivors (1024K)
 Metaspace       used 76537K, committed 77312K, reserved 1179648K
  class space    used 11444K, committed 11840K, reserved 1048576K
}
Event: 470.037 GC heap before
{Heap before GC invocations=40 (full 0):
 garbage-first heap   total 172032K, used 142722K [0x0000000082800000, 0x0000000100000000)
  region size 1024K, 100 young (102400K), 1 survivors (1024K)
 Metaspace       used 76537K, committed 77312K, reserved 1179648K
  class space    used 11444K, committed 11840K, reserved 1048576K
}
Event: 470.130 GC heap after
{Heap after GC invocations=41 (full 0):
 garbage-first heap   total 172032K, used 41290K [0x0000000082800000, 0x0000000100000000)
  region size 1024K, 1 young (1024K), 1 survivors (1024K)
 Metaspace       used 76537K, committed 77312K, reserved 1179648K
  class space    used 11444K, committed 11840K, reserved 1048576K
}
Event: 486.398 GC heap before
{Heap before GC invocations=41 (full 0):
 garbage-first heap   total 172032K, used 142666K [0x0000000082800000, 0x0000000100000000)
  region size 1024K, 100 young (102400K), 1 survivors (1024K)
 Metaspace       used 76537K, committed 77312K, reserved 1179648K
  class space    used 11444K, committed 11840K, reserved 1048576K
}
Event: 486.399 GC heap after
{Heap after GC invocations=42 (full 0):
 garbage-first heap   total 172032K, used 41309K [0x0000000082800000, 0x0000000100000000)
  region size 1024K, 1 young (1024K), 1 survivors (1024K)
 Metaspace       used 76537K, committed 77312K, reserved 1179648K
  class space    used 11444K, committed 11840K, reserved 1048576K
}
Event: 494.617 GC heap before
{Heap before GC invocations=42 (full 0):
 garbage-first heap   total 172032K, used 142685K [0x0000000082800000, 0x0000000100000000)
  region size 1024K, 100 young (102400K), 1 survivors (1024K)
 Metaspace       used 76537K, committed 77312K, reserved 1179648K
  class space    used 11444K, committed 11840K, reserved 1048576K
}
Event: 495.279 GC heap after
{Heap after GC invocations=43 (full 0):
 garbage-first heap   total 172032K, used 41321K [0x0000000082800000, 0x0000000100000000)
  region size 1024K, 1 young (1024K), 1 survivors (1024K)
 Metaspace       used 76537K, committed 77312K, reserved 1179648K
  class space    used 11444K, committed 11840K, reserved 1048576K
}
Event: 508.701 GC heap before
{Heap before GC invocations=43 (full 0):
 garbage-first heap   total 172032K, used 142697K [0x0000000082800000, 0x0000000100000000)
  region size 1024K, 100 young (102400K), 1 survivors (1024K)
 Metaspace       used 76537K, committed 77312K, reserved 1179648K
  class space    used 11444K, committed 11840K, reserved 1048576K
}
Event: 510.920 GC heap after
{Heap after GC invocations=44 (full 0):
 garbage-first heap   total 221184K, used 41319K [0x0000000082800000, 0x0000000100000000)
  region size 1024K, 1 young (1024K), 1 survivors (1024K)
 Metaspace       used 76537K, committed 77312K, reserved 1179648K
  class space    used 11444K, committed 11840K, reserved 1048576K
}
Event: 524.874 GC heap before
{Heap before GC invocations=44 (full 0):
 garbage-first heap   total 221184K, used 50535K [0x0000000082800000, 0x0000000100000000)
  region size 1024K, 10 young (10240K), 1 survivors (1024K)
 Metaspace       used 76537K, committed 77312K, reserved 1179648K
  class space    used 11444K, committed 11840K, reserved 1048576K
}
Event: 525.758 GC heap after
{Heap after GC invocations=45 (full 0):
 garbage-first heap   total 221184K, used 41294K [0x0000000082800000, 0x0000000100000000)
  region size 1024K, 1 young (1024K), 1 survivors (1024K)
 Metaspace       used 76537K, committed 77312K, reserved 1179648K
  class space    used 11444K, committed 11840K, reserved 1048576K
}
Event: 526.192 GC heap before
{Heap before GC invocations=45 (full 0):
 garbage-first heap   total 221184K, used 50510K [0x0000000082800000, 0x0000000100000000)
  region size 1024K, 10 young (10240K), 1 survivors (1024K)
 Metaspace       used 76537K, committed 77312K, reserved 1179648K
  class space    used 11444K, committed 11840K, reserved 1048576K
}
Event: 526.255 GC heap after
{Heap after GC invocations=46 (full 0):
 garbage-first heap   total 221184K, used 41279K [0x0000000082800000, 0x0000000100000000)
  region size 1024K, 1 young (1024K), 1 survivors (1024K)
 Metaspace       used 76537K, committed 77312K, reserved 1179648K
  class space    used 11444K, committed 11840K, reserved 1048576K
}
Event: 526.684 GC heap before
{Heap before GC invocations=46 (full 0):
 garbage-first heap   total 221184K, used 50495K [0x0000000082800000, 0x0000000100000000)
  region size 1024K, 10 young (10240K), 1 survivors (1024K)
 Metaspace       used 76537K, committed 77312K, reserved 1179648K
  class space    used 11444K, committed 11840K, reserved 1048576K
}
Event: 527.051 GC heap after
{Heap after GC invocations=47 (full 0):
 garbage-first heap   total 221184K, used 41329K [0x0000000082800000, 0x0000000100000000)
  region size 1024K, 1 young (1024K), 1 survivors (1024K)
 Metaspace       used 76537K, committed 77312K, reserved 1179648K
  class space    used 11444K, committed 11840K, reserved 1048576K
}
Event: 527.589 GC heap before
{Heap before GC invocations=47 (full 0):
 garbage-first heap   total 221184K, used 50545K [0x0000000082800000, 0x0000000100000000)
  region size 1024K, 10 young (10240K), 1 survivors (1024K)
 Metaspace       used 76537K, committed 77312K, reserved 1179648K
  class space    used 11444K, committed 11840K, reserved 1048576K
}

